Determining if the pthread_create exist failed with the following output:
Change Dir: /home/gildas/ProjetMECA1120/myFem-BandSolver/build/CMakeFiles/CMakeTmp

Run Build Command:"/usr/bin/make" "cmTC_086af/fast"
/usr/bin/make -f CMakeFiles/cmTC_086af.dir/build.make CMakeFiles/cmTC_086af.dir/build
make[1]: Entering directory '/home/gildas/ProjetMECA1120/myFem-BandSolver/build/CMakeFiles/CMakeTmp'
Building C object CMakeFiles/cmTC_086af.dir/CheckSymbolExists.c.o
/usr/bin/cc    -o CMakeFiles/cmTC_086af.dir/CheckSymbolExists.c.o   -c /home/gildas/ProjetMECA1120/myFem-BandSolver/build/CMakeFiles/CMakeTmp/CheckSymbolExists.c
Linking C executable cmTC_086af
/usr/bin/cmake -E cmake_link_script CMakeFiles/cmTC_086af.dir/link.txt --verbose=1
/usr/bin/cc      -rdynamic CMakeFiles/cmTC_086af.dir/CheckSymbolExists.c.o  -o cmTC_086af 
CMakeFiles/cmTC_086af.dir/CheckSymbolExists.c.o: In function `main':
CheckSymbolExists.c:(.text+0x1b): undefined reference to `pthread_create'
collect2: error: ld returned 1 exit status
CMakeFiles/cmTC_086af.dir/build.make:97: recipe for target 'cmTC_086af' failed
make[1]: *** [cmTC_086af] Error 1
make[1]: Leaving directory '/home/gildas/ProjetMECA1120/myFem-BandSolver/build/CMakeFiles/CMakeTmp'
Makefile:126: recipe for target 'cmTC_086af/fast' failed
make: *** [cmTC_086af/fast] Error 2

File /home/gildas/ProjetMECA1120/myFem-BandSolver/build/CMakeFiles/CMakeTmp/CheckSymbolExists.c:
/* */
#include <pthread.h>

int main(int argc, char** argv)
{
  (void)argv;
#ifndef pthread_create
  return ((int*)(&pthread_create))[argc];
#else
  (void)argc;
  return 0;
#endif
}

Determining if the function pthread_create exists in the pthreads failed with the following output:
Change Dir: /home/gildas/ProjetMECA1120/myFem-BandSolver/build/CMakeFiles/CMakeTmp

Run Build Command:"/usr/bin/make" "cmTC_bd0b5/fast"
/usr/bin/make -f CMakeFiles/cmTC_bd0b5.dir/build.make CMakeFiles/cmTC_bd0b5.dir/build
make[1]: Entering directory '/home/gildas/ProjetMECA1120/myFem-BandSolver/build/CMakeFiles/CMakeTmp'
Building C object CMakeFiles/cmTC_bd0b5.dir/CheckFunctionExists.c.o
/usr/bin/cc   -DCHECK_FUNCTION_EXISTS=pthread_create   -o CMakeFiles/cmTC_bd0b5.dir/CheckFunctionExists.c.o   -c /usr/share/cmake-3.10/Modules/CheckFunctionExists.c
Linking C executable cmTC_bd0b5
/usr/bin/cmake -E cmake_link_script CMakeFiles/cmTC_bd0b5.dir/link.txt --verbose=1
/usr/bin/cc  -DCHECK_FUNCTION_EXISTS=pthread_create    -rdynamic CMakeFiles/cmTC_bd0b5.dir/CheckFunctionExists.c.o  -o cmTC_bd0b5 -lpthreads 
/usr/bin/x86_64-linux-gnu-ld: cannot find -lpthreads
collect2: error: ld returned 1 exit status
CMakeFiles/cmTC_bd0b5.dir/build.make:97: recipe for target 'cmTC_bd0b5' failed
make[1]: *** [cmTC_bd0b5] Error 1
make[1]: Leaving directory '/home/gildas/ProjetMECA1120/myFem-BandSolver/build/CMakeFiles/CMakeTmp'
Makefile:126: recipe for target 'cmTC_bd0b5/fast' failed
make: *** [cmTC_bd0b5/fast] Error 2


