Determining if the pthread_create exist failed with the following output:
Change Dir: /home/agobeaux/Documents/GitHub/ProjetMECA1120/myFem-BandSolver(2)/build/CMakeFiles/CMakeTmp

Run Build Command:"/usr/bin/make" "cmTC_7aba0/fast"
/usr/bin/make -f CMakeFiles/cmTC_7aba0.dir/build.make CMakeFiles/cmTC_7aba0.dir/build
make[1]: Entering directory '/home/agobeaux/Documents/GitHub/ProjetMECA1120/myFem-BandSolver(2)/build/CMakeFiles/CMakeTmp'
Building C object CMakeFiles/cmTC_7aba0.dir/CheckSymbolExists.c.o
/usr/bin/cc    -o CMakeFiles/cmTC_7aba0.dir/CheckSymbolExists.c.o   -c "/home/agobeaux/Documents/GitHub/ProjetMECA1120/myFem-BandSolver(2)/build/CMakeFiles/CMakeTmp/CheckSymbolExists.c"
Linking C executable cmTC_7aba0
/usr/bin/cmake -E cmake_link_script CMakeFiles/cmTC_7aba0.dir/link.txt --verbose=1
/usr/bin/cc      -rdynamic CMakeFiles/cmTC_7aba0.dir/CheckSymbolExists.c.o  -o cmTC_7aba0 
CMakeFiles/cmTC_7aba0.dir/CheckSymbolExists.c.o: In function `main':
CheckSymbolExists.c:(.text+0x1b): undefined reference to `pthread_create'
collect2: error: ld returned 1 exit status
CMakeFiles/cmTC_7aba0.dir/build.make:97: recipe for target 'cmTC_7aba0' failed
make[1]: *** [cmTC_7aba0] Error 1
make[1]: Leaving directory '/home/agobeaux/Documents/GitHub/ProjetMECA1120/myFem-BandSolver(2)/build/CMakeFiles/CMakeTmp'
Makefile:126: recipe for target 'cmTC_7aba0/fast' failed
make: *** [cmTC_7aba0/fast] Error 2

File /home/agobeaux/Documents/GitHub/ProjetMECA1120/myFem-BandSolver(2)/build/CMakeFiles/CMakeTmp/CheckSymbolExists.c:
/* */
#include <pthread.h>

int main(int argc, char** argv)
{
  (void)argv;
#ifndef pthread_create
  return ((int*)(&pthread_create))[argc];
#else
  (void)argc;
  return 0;
#endif
}

Determining if the function pthread_create exists in the pthreads failed with the following output:
Change Dir: /home/agobeaux/Documents/GitHub/ProjetMECA1120/myFem-BandSolver(2)/build/CMakeFiles/CMakeTmp

Run Build Command:"/usr/bin/make" "cmTC_dbd5c/fast"
/usr/bin/make -f CMakeFiles/cmTC_dbd5c.dir/build.make CMakeFiles/cmTC_dbd5c.dir/build
make[1]: Entering directory '/home/agobeaux/Documents/GitHub/ProjetMECA1120/myFem-BandSolver(2)/build/CMakeFiles/CMakeTmp'
Building C object CMakeFiles/cmTC_dbd5c.dir/CheckFunctionExists.c.o
/usr/bin/cc   -DCHECK_FUNCTION_EXISTS=pthread_create   -o CMakeFiles/cmTC_dbd5c.dir/CheckFunctionExists.c.o   -c /usr/share/cmake-3.9/Modules/CheckFunctionExists.c
Linking C executable cmTC_dbd5c
/usr/bin/cmake -E cmake_link_script CMakeFiles/cmTC_dbd5c.dir/link.txt --verbose=1
/usr/bin/cc  -DCHECK_FUNCTION_EXISTS=pthread_create    -rdynamic CMakeFiles/cmTC_dbd5c.dir/CheckFunctionExists.c.o  -o cmTC_dbd5c -lpthreads 
/usr/bin/ld: cannot find -lpthreads
collect2: error: ld returned 1 exit status
CMakeFiles/cmTC_dbd5c.dir/build.make:97: recipe for target 'cmTC_dbd5c' failed
make[1]: *** [cmTC_dbd5c] Error 1
make[1]: Leaving directory '/home/agobeaux/Documents/GitHub/ProjetMECA1120/myFem-BandSolver(2)/build/CMakeFiles/CMakeTmp'
Makefile:126: recipe for target 'cmTC_dbd5c/fast' failed
make: *** [cmTC_dbd5c/fast] Error 2


